2018-01-20 23:40:12,948 [main] INFO GottschCore | VersionChecker.java:110 | [gottschcore] Starting version check at https://raw.githubusercontent.com/gottsch/gottsch-minecraft-GottschCore/master/GottschCore1.12.2/update.json
2018-01-20 23:40:14,048 [main] INFO GottschCore | VersionChecker.java:52 | Published Version Info: [
	{
		"minecraft" : {
			"major" : 1,
			"minor" : 9,
			"build" : 4	
		},
		"mod" : {
			"major" : 1,
			"minor" : 0,
			"build" : 0
		}
	},
	{
		"minecraft" : {
			"major" : 1,
			"minor" : 10,
			"build" : 2	
		},
		"mod" : {
			"major" : 1,
			"minor" : 1,
			"build" : 0
		}
	},
	{
		"minecraft" : {
			"major" : 1,
			"minor" : 11,
			"build" : 0	
		},
		"mod" : {
			"major" : 1,
			"minor" : 1,
			"build" : 0
		}
	},
	{
		"minecraft" : {
			"major" : 1,
			"minor" : 12,
			"build" : 0	
		},
		"mod" : {
			"major" : 1,
			"minor" : 3,
			"build" : 1
		}
	},
	{
		"minecraft" : {
			"major" : 1,
			"minor" : 12,
			"build" : 1	
		},
		"mod" : {
			"major" : 1,
			"minor" : 1,
			"build" : 0
		}
	},
	{
		"minecraft" : {
			"major" : 1,
			"minor" : 12,
			"build" : 2
		},
		"mod" : {
			"major" : 1,
			"minor" : 3,
			"build" : 2
		}
	}
]
